<?xml version="1.0" encoding="UTF-8"?>
<robot generator="Robot 7.3 (Python 3.13.4 on win32)" generated="2025-07-12T13:38:28.996792" rpa="false" schemaversion="5">
<suite id="s1" name="D" source="C:\AgnosTASK\d.robot">
<test id="s1-t1" name="TC-0001: User Registration" line="16">
<kw name="Open Browser To Signup Page" owner="CommonKeywords" type="SETUP">
<kw name="Open Browser" owner="SeleniumLibrary">
<msg time="2025-07-12T13:38:29.302223" level="INFO">Opening browser 'Chrome' to base url 'https://dev.app.agnoshealth.com/ai_dashboard/agnos/sign_up/'.</msg>
<arg>${SIGNUP_URL}</arg>
<arg>${BROWSER}</arg>
<doc>Opens a new browser instance to the optional ``url``.</doc>
<status status="PASS" start="2025-07-12T13:38:29.302023" elapsed="2.205586"/>
</kw>
<kw name="Maximize Browser Window" owner="SeleniumLibrary">
<doc>Maximizes current browser window.</doc>
<status status="PASS" start="2025-07-12T13:38:31.508164" elapsed="0.028278"/>
</kw>
<status status="PASS" start="2025-07-12T13:38:29.301452" elapsed="2.235257"/>
</kw>
<kw name="Register New User" owner="CommonKeywords">
<kw name="Input Text" owner="SeleniumLibrary">
<msg time="2025-07-12T13:38:31.538357" level="INFO">Typing text 'test@gmail.com' into text field 'id=Email'.</msg>
<arg>${EMAIL_FIELD}</arg>
<arg>${email}</arg>
<doc>Types the given ``text`` into the text field identified by ``locator``.</doc>
<status status="PASS" start="2025-07-12T13:38:31.537810" elapsed="0.197970"/>
</kw>
<kw name="Input Text" owner="SeleniumLibrary">
<msg time="2025-07-12T13:38:31.736489" level="INFO">Typing text 'Test1234!' into text field 'id=password'.</msg>
<arg>${PASSWORD_FIELD}</arg>
<arg>${password}</arg>
<doc>Types the given ``text`` into the text field identified by ``locator``.</doc>
<status status="PASS" start="2025-07-12T13:38:31.736110" elapsed="0.117499"/>
</kw>
<kw name="Wait Until Element Is Visible" owner="SeleniumLibrary">
<arg>${CONFIRM_PASSWORD_FIELD}</arg>
<arg>timeout=10s</arg>
<doc>Waits until the element ``locator`` is visible.</doc>
<status status="PASS" start="2025-07-12T13:38:31.854195" elapsed="0.029282"/>
</kw>
<kw name="Input Text" owner="SeleniumLibrary">
<msg time="2025-07-12T13:38:31.884032" level="INFO">Typing text 'Test1234!' into text field 'xpath=(//input[@type='password'])[2]'.</msg>
<arg>${CONFIRM_PASSWORD_FIELD}</arg>
<arg>${password}</arg>
<doc>Types the given ``text`` into the text field identified by ``locator``.</doc>
<status status="PASS" start="2025-07-12T13:38:31.883718" elapsed="0.066683"/>
</kw>
<kw name="Sleep" owner="BuiltIn">
<msg time="2025-07-12T13:38:32.951085" level="INFO">Slept 1 second.</msg>
<arg>1s</arg>
<doc>Pauses the test executed for the given time.</doc>
<status status="PASS" start="2025-07-12T13:38:31.950613" elapsed="1.000619"/>
</kw>
<kw name="Click Button" owner="SeleniumLibrary">
<msg time="2025-07-12T13:38:32.951691" level="INFO">Clicking button 'xpath=//button[normalize-space(.)='Confirm']'.</msg>
<arg>${REGISTER_BUTTON}</arg>
<doc>Clicks the button identified by ``locator``.</doc>
<status status="PASS" start="2025-07-12T13:38:32.951454" elapsed="0.060099"/>
</kw>
<kw name="Wait Until Page Contains" owner="SeleniumLibrary">
<msg time="2025-07-12T13:38:43.239984" level="INFO" html="true">&lt;/td&gt;&lt;/tr&gt;&lt;tr&gt;&lt;td colspan="3"&gt;&lt;a href="selenium-screenshot-1.png"&gt;&lt;img src="selenium-screenshot-1.png" width="800px"&gt;&lt;/a&gt;</msg>
<msg time="2025-07-12T13:38:43.240216" level="FAIL">Text 'Log-in' did not appear in 10 seconds.</msg>
<arg>Log-in</arg>
<arg>timeout=10s</arg>
<doc>Waits until ``text`` appears on the current page.</doc>
<status status="FAIL" start="2025-07-12T13:38:33.011960" elapsed="10.230157">Text 'Log-in' did not appear in 10 seconds.</status>
</kw>
<kw name="Page Should Not Contain" owner="SeleniumLibrary">
<arg>The password must be at least 8 characters long</arg>
<doc>Verifies the current page does not contain ``text``.</doc>
<status status="NOT RUN" start="2025-07-12T13:38:43.242327" elapsed="0.000039"/>
</kw>
<arg>test@gmail.com</arg>
<arg>Test1234!</arg>
<status status="FAIL" start="2025-07-12T13:38:31.537354" elapsed="11.705149">Text 'Log-in' did not appear in 10 seconds.</status>
</kw>
<kw name="Page Should Contain" owner="SeleniumLibrary">
<arg>Login</arg>
<doc>Verifies that current page contains ``text``.</doc>
<status status="NOT RUN" start="2025-07-12T13:38:43.242773" elapsed="0.000037"/>
</kw>
<kw name="Close Browser" owner="SeleniumLibrary" type="TEARDOWN">
<doc>Closes the current browser.</doc>
<status status="PASS" start="2025-07-12T13:38:43.243105" elapsed="2.215993"/>
</kw>
<doc>Verify that a new user can register successfully.</doc>
<tag>Registration</tag>
<status status="FAIL" start="2025-07-12T13:38:29.300751" elapsed="16.158558">Text 'Log-in' did not appear in 10 seconds.</status>
</test>
<test id="s1-t2" name="TC-0002: User Login and Logout" line="23">
<kw name="Open Browser To Login Page" owner="CommonKeywords" type="SETUP">
<kw name="Open Browser" owner="SeleniumLibrary">
<msg time="2025-07-12T13:38:45.460912" level="INFO">Opening browser 'Chrome' to base url 'https://dev.app.agnoshealth.com/ai_dashboard/login'.</msg>
<arg>${LOGIN_URL}</arg>
<arg>${BROWSER}</arg>
<doc>Opens a new browser instance to the optional ``url``.</doc>
<status status="PASS" start="2025-07-12T13:38:45.460691" elapsed="2.225298"/>
</kw>
<kw name="Maximize Browser Window" owner="SeleniumLibrary">
<doc>Maximizes current browser window.</doc>
<status status="PASS" start="2025-07-12T13:38:47.686252" elapsed="0.025876"/>
</kw>
<status status="PASS" start="2025-07-12T13:38:45.460460" elapsed="2.251832"/>
</kw>
<kw name="Login With Valid Credentials" owner="CommonKeywords">
<kw name="Input Text" owner="SeleniumLibrary">
<msg time="2025-07-12T13:38:47.713216" level="INFO">Typing text 'test@gmail.com' into text field 'id=Email'.</msg>
<arg>${EMAIL_FIELD}</arg>
<arg>${VALID_USERNAME}</arg>
<doc>Types the given ``text`` into the text field identified by ``locator``.</doc>
<status status="PASS" start="2025-07-12T13:38:47.712933" elapsed="0.119929"/>
</kw>
<kw name="Input Text" owner="SeleniumLibrary">
<msg time="2025-07-12T13:38:47.833646" level="INFO">Typing text 'Test1234!' into text field 'id=password'.</msg>
<arg>${PASSWORD_FIELD}</arg>
<arg>${VALID_PASSWORD}</arg>
<doc>Types the given ``text`` into the text field identified by ``locator``.</doc>
<status status="PASS" start="2025-07-12T13:38:47.833144" elapsed="0.062491"/>
</kw>
<kw name="Click Button" owner="SeleniumLibrary">
<msg time="2025-07-12T13:38:47.896073" level="INFO">Clicking button 'xpath=//button[normalize-space(.)='Sign in']'.</msg>
<arg>${LOGIN_BUTTON}</arg>
<doc>Clicks the button identified by ``locator``.</doc>
<status status="PASS" start="2025-07-12T13:38:47.895819" elapsed="0.068339"/>
</kw>
<kw name="Wait Until Location Is" owner="SeleniumLibrary">
<msg time="2025-07-12T13:38:50.849266" level="WARN">Keyword 'Capture Page Screenshot' could not be run on failure: Message: no such window: target window already closed
from unknown error: web view not found
  (Session info: chrome=138.0.7204.101)
Stacktrace:
	GetHandleVerifier [0x0x7ff73f5e6f75+76917]
	GetHandleVerifier [0x0x7ff73f5e6fd0+77008]
	(No symbol) [0x0x7ff73f399dea]
	(No symbol) [0x0x7ff73f372191]
	(No symbol) [0x0x7ff73f41f83e]
	(No symbol) [0x0x7ff73f43ff72]
	(No symbol) [0x0x7ff73f418243]
	(No symbol) [0x0x7ff73f3e1431]
	(No symbol) [0x0x7ff73f3e21c3]
	GetHandleVerifier [0x0x7ff73f8bd2ad+3051437]
	GetHandleVerifier [0x0x7ff73f8b7903+3028483]
	GetHandleVerifier [0x0x7ff73f8d589d+3151261]
	GetHandleVerifier [0x0x7ff73f60183e+185662]
	GetHandleVerifier [0x0x7ff73f6096ff+218111]
	GetHandleVerifier [0x0x7ff73f5efaf4+112628]
	GetHandleVerifier [0x0x7ff73f5efca9+113065]
	GetHandleVerifier [0x0x7ff73f5d6c78+10616]
	BaseThreadInitThunk [0x0x7ff98615259d+29]
	RtlUserThreadStart [0x0x7ff986d6af78+40]
</msg>
<msg time="2025-07-12T13:38:50.850604" level="FAIL">NoSuchWindowException: Message: no such window: target window already closed
from unknown error: web view not found
  (Session info: chrome=138.0.7204.101)
Stacktrace:
	GetHandleVerifier [0x0x7ff73f5e6f75+76917]
	GetHandleVerifier [0x0x7ff73f5e6fd0+77008]
	(No symbol) [0x0x7ff73f399dea]
	(No symbol) [0x0x7ff73f372191]
	(No symbol) [0x0x7ff73f41f83e]
	(No symbol) [0x0x7ff73f43ff72]
	(No symbol) [0x0x7ff73f418243]
	(No symbol) [0x0x7ff73f3e1431]
	(No symbol) [0x0x7ff73f3e21c3]
	GetHandleVerifier [0x0x7ff73f8bd2ad+3051437]
	GetHandleVerifier [0x0x7ff73f8b7903+3028483]
	GetHandleVerifier [0x0x7ff73f8d589d+3151261]
	GetHandleVerifier [0x0x7ff73f60183e+185662]
	GetHandleVerifier [0x0x7ff73f6096ff+218111]
	GetHandleVerifier [0x0x7ff73f5efaf4+112628]
	GetHandleVerifier [0x0x7ff73f5efca9+113065]
	GetHandleVerifier [0x0x7ff73f5d6c78+10616]
	BaseThreadInitThunk [0x0x7ff98615259d+29]
	RtlUserThreadStart [0x0x7ff986d6af78+40]
</msg>
<arg>${DASHBOARD_URL}</arg>
<doc>Waits until the current URL is ``expected``.</doc>
<status status="FAIL" start="2025-07-12T13:38:47.964450" elapsed="2.929177">NoSuchWindowException: Message: no such window: target window already closed
from unknown error: web view not found
  (Session info: chrome=138.0.7204.101)
Stacktrace:
	GetHandleVerifier [0x0x7ff73f5e6f75+76917]
	GetHandleVerifier [0x0x7ff73f5e6fd0+77008]
	(No symbol) [0x0x7ff73f399dea]
	(No symbol) [0x0x7ff73f372191]
	(No symbol) [0x0x7ff73f41f83e]
	(No symbol) [0x0x7ff73f43ff72]
	(No symbol) [0x0x7ff73f418243]
	(No symbol) [0x0x7ff73f3e1431]
	(No symbol) [0x0x7ff73f3e21c3]
	GetHandleVerifier [0x0x7ff73f8bd2ad+3051437]
	GetHandleVerifier [0x0x7ff73f8b7903+3028483]
	GetHandleVerifier [0x0x7ff73f8d589d+3151261]
	GetHandleVerifier [0x0x7ff73f60183e+185662]
	GetHandleVerifier [0x0x7ff73f6096ff+218111]
	GetHandleVerifier [0x0x7ff73f5efaf4+112628]
	GetHandleVerifier [0x0x7ff73f5efca9+113065]
	GetHandleVerifier [0x0x7ff73f5d6c78+10616]
	BaseThreadInitThunk [0x0x7ff98615259d+29]
	RtlUserThreadStart [0x0x7ff986d6af78+40]
</status>
</kw>
<kw name="Page Should Contain" owner="SeleniumLibrary">
<arg>Dashboard</arg>
<doc>Verifies that current page contains ``text``.</doc>
<status status="NOT RUN" start="2025-07-12T13:38:50.893897" elapsed="0.000041"/>
</kw>
<status status="FAIL" start="2025-07-12T13:38:47.712669" elapsed="3.181429">NoSuchWindowException: Message: no such window: target window already closed
from unknown error: web view not found
  (Session info: chrome=138.0.7204.101)
Stacktrace:
	GetHandleVerifier [0x0x7ff73f5e6f75+76917]
	GetHandleVerifier [0x0x7ff73f5e6fd0+77008]
	(No symbol) [0x0x7ff73f399dea]
	(No symbol) [0x0x7ff73f372191]
	(No symbol) [0x0x7ff73f41f83e]
	(No symbol) [0x0x7ff73f43ff72]
	(No symbol) [0x0x7ff73f418243]
	(No symbol) [0x0x7ff73f3e1431]
	(No symbol) [0x0x7ff73f3e21c3]
	GetHandleVerifier [0x0x7ff73f8bd2ad+3051437]
	GetHandleVerifier [0x0x7ff73f8b7903+3028483]
	GetHandleVerifier [0x0x7ff73f8d589d+3151261]
	GetHandleVerifier [0x0x7ff73f60183e+185662]
	GetHandleVerifier [0x0x7ff73f6096ff+218111]
	GetHandleVerifier [0x0x7ff73f5efaf4+112628]
	GetHandleVerifier [0x0x7ff73f5efca9+113065]
	GetHandleVerifier [0x0x7ff73f5d6c78+10616]
	BaseThreadInitThunk [0x0x7ff98615259d+29]
	RtlUserThreadStart [0x0x7ff986d6af78+40]
</status>
</kw>
<kw name="Logout User" owner="CommonKeywords">
<status status="NOT RUN" start="2025-07-12T13:38:50.894470" elapsed="0.000039"/>
</kw>
<kw name="Close Browser" owner="SeleniumLibrary" type="TEARDOWN">
<doc>Closes the current browser.</doc>
<status status="PASS" start="2025-07-12T13:38:50.894832" elapsed="2.064756"/>
</kw>
<doc>Verify that a registered user can log in and out.</doc>
<tag>Login</tag>
<tag>Logout</tag>
<status status="FAIL" start="2025-07-12T13:38:45.459973" elapsed="7.499942">NoSuchWindowException: Message: no such window: target window already closed
from unknown error: web view not found
  (Session info: chrome=138.0.7204.101)
Stacktrace:
	GetHandleVerifier [0x0x7ff73f5e6f75+76917]
	GetHandleVerifier [0x0x7ff73f5e6fd0+77008]
	(No symbol) [0x0x7ff73f399dea]
	(No symbol) [0x0x7ff73f372191]
	(No symbol) [0x0x7ff73f41f83e]
	(No symbol) [0x0x7ff73f43ff72]
	(No symbol) [0x0x7ff73f418243]
	(No symbol) [0x0x7ff73f3e1431]
	(No symbol) [0x0x7ff73f3e21c3]
	GetHandleVerifier [0x0x7ff73f8bd2ad+3051437]
	GetHandleVerifier [0x0x7ff73f8b7903+3028483]
	GetHandleVerifier [0x0x7ff73f8d589d+3151261]
	GetHandleVerifier [0x0x7ff73f60183e+185662]
	GetHandleVerifier [0x0x7ff73f6096ff+218111]
	GetHandleVerifier [0x0x7ff73f5efaf4+112628]
	GetHandleVerifier [0x0x7ff73f5efca9+113065]
	GetHandleVerifier [0x0x7ff73f5d6c78+10616]
	BaseThreadInitThunk [0x0x7ff98615259d+29]
	RtlUserThreadStart [0x0x7ff986d6af78+40]
</status>
</test>
<test id="s1-t3" name="TC-0003: Navigation Between Tabs" line="29">
<kw name="Open Browser To Login Page" owner="CommonKeywords" type="SETUP">
<kw name="Open Browser" owner="SeleniumLibrary">
<msg time="2025-07-12T13:38:52.961903" level="INFO">Opening browser 'Chrome' to base url 'https://dev.app.agnoshealth.com/ai_dashboard/login'.</msg>
<arg>${LOGIN_URL}</arg>
<arg>${BROWSER}</arg>
<doc>Opens a new browser instance to the optional ``url``.</doc>
<status status="PASS" start="2025-07-12T13:38:52.961702" elapsed="2.179444"/>
</kw>
<kw name="Maximize Browser Window" owner="SeleniumLibrary">
<doc>Maximizes current browser window.</doc>
<status status="PASS" start="2025-07-12T13:38:55.141404" elapsed="0.042156"/>
</kw>
<status status="PASS" start="2025-07-12T13:38:52.961452" elapsed="2.222218"/>
</kw>
<kw name="Login With Valid Credentials" owner="CommonKeywords">
<kw name="Input Text" owner="SeleniumLibrary">
<msg time="2025-07-12T13:38:55.184456" level="INFO">Typing text 'test@gmail.com' into text field 'id=Email'.</msg>
<arg>${EMAIL_FIELD}</arg>
<arg>${VALID_USERNAME}</arg>
<doc>Types the given ``text`` into the text field identified by ``locator``.</doc>
<status status="PASS" start="2025-07-12T13:38:55.184255" elapsed="0.114960"/>
</kw>
<kw name="Input Text" owner="SeleniumLibrary">
<msg time="2025-07-12T13:38:55.299752" level="INFO">Typing text 'Test1234!' into text field 'id=password'.</msg>
<arg>${PASSWORD_FIELD}</arg>
<arg>${VALID_PASSWORD}</arg>
<doc>Types the given ``text`` into the text field identified by ``locator``.</doc>
<status status="PASS" start="2025-07-12T13:38:55.299444" elapsed="0.082274"/>
</kw>
<kw name="Click Button" owner="SeleniumLibrary">
<msg time="2025-07-12T13:38:55.382231" level="INFO">Clicking button 'xpath=//button[normalize-space(.)='Sign in']'.</msg>
<arg>${LOGIN_BUTTON}</arg>
<doc>Clicks the button identified by ``locator``.</doc>
<status status="PASS" start="2025-07-12T13:38:55.381967" elapsed="0.060947"/>
</kw>
<kw name="Wait Until Location Is" owner="SeleniumLibrary">
<msg time="2025-07-12T13:38:56.277669" level="WARN">Retrying (Retry(total=2, connect=None, read=None, redirect=None, status=None)) after connection broken by 'ConnectionResetError(10054, 'An existing connection was forcibly closed by the remote host', None, 10054, None)': /session/812ed47f819f63a196e20a41d3864893/url</msg>
<msg time="2025-07-12T13:39:00.361747" level="WARN">Retrying (Retry(total=1, connect=None, read=None, redirect=None, status=None)) after connection broken by 'NewConnectionError('&lt;urllib3.connection.HTTPConnection object at 0x00000207DD044E90&gt;: Failed to establish a new connection: [WinError 10061] No connection could be made because the target machine actively refused it')': /session/812ed47f819f63a196e20a41d3864893/url</msg>
<msg time="2025-07-12T13:39:04.466193" level="WARN">Retrying (Retry(total=0, connect=None, read=None, redirect=None, status=None)) after connection broken by 'NewConnectionError('&lt;urllib3.connection.HTTPConnection object at 0x00000207DD045350&gt;: Failed to establish a new connection: [WinError 10061] No connection could be made because the target machine actively refused it')': /session/812ed47f819f63a196e20a41d3864893/url</msg>
<msg time="2025-07-12T13:39:12.656853" level="WARN">Retrying (Retry(total=2, connect=None, read=None, redirect=None, status=None)) after connection broken by 'NewConnectionError('&lt;urllib3.connection.HTTPConnection object at 0x00000207DCF7EE00&gt;: Failed to establish a new connection: [WinError 10061] No connection could be made because the target machine actively refused it')': /session/812ed47f819f63a196e20a41d3864893/screenshot</msg>
<msg time="2025-07-12T13:39:16.754787" level="WARN">Retrying (Retry(total=1, connect=None, read=None, redirect=None, status=None)) after connection broken by 'NewConnectionError('&lt;urllib3.connection.HTTPConnection object at 0x00000207DCF7E9C0&gt;: Failed to establish a new connection: [WinError 10061] No connection could be made because the target machine actively refused it')': /session/812ed47f819f63a196e20a41d3864893/screenshot</msg>
<msg time="2025-07-12T13:39:20.852349" level="WARN">Retrying (Retry(total=0, connect=None, read=None, redirect=None, status=None)) after connection broken by 'NewConnectionError('&lt;urllib3.connection.HTTPConnection object at 0x00000207DCF7DE10&gt;: Failed to establish a new connection: [WinError 10061] No connection could be made because the target machine actively refused it')': /session/812ed47f819f63a196e20a41d3864893/screenshot